\BOOKMARK [0][-]{dummy.1}{\376\377\000A\000b\000s\000t\000r\000a\000c\000t}{}% 1
\BOOKMARK [0][-]{dummy.3}{\376\377\000A\000b\000b\000i\000l\000d\000u\000n\000g\000s\000v\000e\000r\000z\000e\000i\000c\000h\000n\000i\000s}{}% 2
\BOOKMARK [0][-]{dummy.5}{\376\377\000Q\000u\000e\000l\000l\000c\000o\000d\000e\000v\000e\000r\000z\000e\000i\000c\000h\000n\000i\000s}{}% 3
\BOOKMARK [0][-]{dummy.7}{\376\377\000A\000b\000k\000\374\000r\000z\000u\000n\000g\000s\000v\000e\000r\000z\000e\000i\000c\000h\000n\000i\000s}{}% 4
\BOOKMARK [0][-]{chapter.8}{\376\377\0001\000\040\000E\000i\000n\000l\000e\000i\000t\000u\000n\000g}{}% 5
\BOOKMARK [1][-]{section.9}{\376\377\0001\000.\0001\000\040\000E\000i\000n\000l\000e\000i\000t\000u\000n\000g}{chapter.8}% 6
\BOOKMARK [1][-]{section.10}{\376\377\0001\000.\0002\000\040\000R\000e\000l\000e\000v\000a\000n\000z}{chapter.8}% 7
\BOOKMARK [1][-]{section.11}{\376\377\0001\000.\0003\000\040\000Z\000i\000e\000l\000s\000e\000t\000z\000u\000n\000g}{chapter.8}% 8
\BOOKMARK [1][-]{section.12}{\376\377\0001\000.\0004\000\040\000F\000o\000r\000s\000c\000h\000u\000n\000g\000s\000f\000r\000a\000g\000e}{chapter.8}% 9
\BOOKMARK [1][-]{section.13}{\376\377\0001\000.\0005\000\040\000V\000o\000r\000g\000e\000h\000e\000n\000s\000w\000e\000i\000s\000e}{chapter.8}% 10
\BOOKMARK [0][-]{chapter.14}{\376\377\0002\000\040\000E\000i\000n\000l\000e\000i\000t\000u\000n\000g}{}% 11
\BOOKMARK [1][-]{section.15}{\376\377\0002\000.\0001\000\040\000E\000i\000n\000l\000e\000i\000t\000u\000n\000g}{chapter.14}% 12
\BOOKMARK [1][-]{section.16}{\376\377\0002\000.\0002\000\040\000V\000o\000r\000g\000e\000h\000e\000n}{chapter.14}% 13
\BOOKMARK [1][-]{section.17}{\376\377\0002\000.\0003\000\040\000K\000r\000i\000t\000i\000s\000c\000h\000e\000\040\000R\000e\000f\000l\000e\000x\000i\000o\000n}{chapter.14}% 14
\BOOKMARK [1][-]{section.18}{\376\377\0002\000.\0004\000\040\000M\000o\000b\000i\000l\000e\000\040\000P\000l\000a\000t\000t\000f\000o\000r\000m\000e\000n}{chapter.14}% 15
\BOOKMARK [0][-]{chapter.19}{\376\377\0003\000\040\000E\000i\000n\000l\000e\000i\000t\000u\000n\000g}{}% 16
\BOOKMARK [1][-]{section.20}{\376\377\0003\000.\0001\000\040\000S\000c\000h\000r\000i\000f\000t\000a\000r\000t\000e\000n}{chapter.19}% 17
\BOOKMARK [2][-]{subsection.21}{\376\377\0003\000.\0001\000.\0001\000\040\000S\000e\000r\000i\000f\000\040\000o\000d\000e\000r\000\040\000S\000e\000r\000i\000f\000e\000n\000l\000o\000s\000?}{section.20}% 18
\BOOKMARK [1][-]{section.22}{\376\377\0003\000.\0002\000\040\000S\000c\000h\000r\000i\000f\000t\000f\000a\000m\000i\000l\000i\000e\000n}{chapter.19}% 19
\BOOKMARK [2][-]{subsection.23}{\376\377\0003\000.\0002\000.\0001\000\040\000A\000n\000d\000r\000o\000i\000d}{section.22}% 20
\BOOKMARK [2][-]{subsection.24}{\376\377\0003\000.\0002\000.\0002\000\040\000i\000O\000S}{section.22}% 21
\BOOKMARK [2][-]{subsection.25}{\376\377\0003\000.\0002\000.\0003\000\040\000M\000i\000s\000c\000h\000e\000n\000\040\000v\000o\000n\000\040\000S\000c\000h\000r\000i\000f\000t\000f\000a\000m\000i\000l\000i\000e\000n}{section.22}% 22
\BOOKMARK [1][-]{section.26}{\376\377\0003\000.\0003\000\040\000S\000c\000h\000r\000i\000f\000t\000g\000r\000\366\000\337\000e\000n}{chapter.19}% 23
\BOOKMARK [2][-]{subsection.27}{\376\377\0003\000.\0003\000.\0001\000\040\000\334\000b\000e\000r\000s\000c\000h\000r\000i\000f\000t\000e\000n}{section.26}% 24
\BOOKMARK [3][-]{subsubsection.28}{\376\377\0003\000.\0003\000.\0001\000.\0001\000\040\000D\000e\000r\000\040\000g\000o\000l\000d\000e\000n\000e\000\040\000S\000c\000h\000n\000i\000t\000t}{subsection.27}% 25
\BOOKMARK [3][-]{subsubsection.29}{\376\377\0003\000.\0003\000.\0001\000.\0002\000\040\000T\000y\000p\000o\000g\000r\000a\000p\000h\000i\000c\000\040\000S\000c\000a\000l\000e}{subsection.27}% 26
\BOOKMARK [1][-]{section.30}{\376\377\0003\000.\0004\000\040\000A\000b\000s\000t\000\344\000n\000d\000e\000\040\000i\000m\000\040\000T\000e\000x\000t}{chapter.19}% 27
\BOOKMARK [2][-]{subsection.31}{\376\377\0003\000.\0004\000.\0001\000\040\000Z\000e\000i\000l\000e\000n\000h\000\366\000h\000e\000\040\000u\000n\000d\000\040\000-\000l\000\344\000n\000g\000e}{section.30}% 28
\BOOKMARK [2][-]{subsection.32}{\376\377\0003\000.\0004\000.\0002\000\040\000A\000b\000s\000\344\000t\000z\000e\000\040\000u\000n\000d\000\040\000\334\000b\000e\000r\000s\000c\000h\000r\000i\000f\000t\000e\000n}{section.30}% 29
\BOOKMARK [1][-]{section.33}{\376\377\0003\000.\0005\000\040\000K\000o\000n\000t\000r\000a\000s\000t}{chapter.19}% 30
\BOOKMARK [2][-]{subsection.34}{\376\377\0003\000.\0005\000.\0001\000\040\000B\000e\000r\000e\000c\000h\000n\000u\000n\000g}{section.33}% 31
\BOOKMARK [0][-]{chapter.35}{\376\377\0004\000\040\000E\000i\000n\000l\000e\000i\000t\000u\000n\000g}{}% 32
\BOOKMARK [1][-]{section.36}{\376\377\0004\000.\0001\000\040\000H\000e\000r\000l\000e\000i\000t\000u\000n\000g}{chapter.35}% 33
\BOOKMARK [1][-]{section.37}{\376\377\0004\000.\0002\000\040\000G\000r\000i\000d\000\040\000S\000y\000s\000t\000e\000m\000s\000\040\000i\000m\000\040\000W\000e\000b}{chapter.35}% 34
\BOOKMARK [2][-]{subsection.38}{\376\377\0004\000.\0002\000.\0001\000\040\000A\000b\000b\000i\000l\000d\000u\000n\000g\000\040\000i\000m\000\040\000T\000o\000o\000l}{section.37}% 35
\BOOKMARK [1][-]{section.39}{\376\377\0004\000.\0003\000\040\000G\000r\000i\000d\000\040\000S\000y\000s\000t\000e\000m\000s\000\040\000a\000u\000f\000\040\000n\000a\000t\000i\000v\000e\000n\000\040\000P\000l\000a\000t\000t\000f\000o\000r\000m\000e\000n}{chapter.35}% 36
\BOOKMARK [2][-]{subsection.40}{\376\377\0004\000.\0003\000.\0001\000\040\000i\000O\000S}{section.39}% 37
\BOOKMARK [2][-]{subsection.41}{\376\377\0004\000.\0003\000.\0002\000\040\000A\000n\000d\000r\000o\000i\000d}{section.39}% 38
\BOOKMARK [1][-]{section.42}{\376\377\0004\000.\0004\000\040\000G\000r\000i\000d\000\040\000S\000y\000s\000t\000e\000m\000s\000\040\000i\000m\000\040\000P\000r\000i\000n\000t}{chapter.35}% 39
\BOOKMARK [2][-]{subsection.43}{\376\377\0004\000.\0004\000.\0001\000\040\000B\000e\000r\000e\000c\000h\000n\000u\000n\000g}{section.42}% 40
\BOOKMARK [2][-]{subsection.44}{\376\377\0004\000.\0004\000.\0002\000\040\000A\000b\000b\000i\000l\000d\000u\000n\000g\000\040\000i\000m\000\040\000T\000o\000o\000l}{section.42}% 41
\BOOKMARK [0][-]{chapter.45}{\376\377\0005\000\040\000F\000a\000z\000i\000t}{}% 42
\BOOKMARK [1][-]{section.46}{\376\377\0005\000.\0001\000\040\000Z\000u\000s\000a\000m\000m\000e\000n\000f\000a\000s\000s\000u\000n\000g}{chapter.45}% 43
\BOOKMARK [1][-]{section.47}{\376\377\0005\000.\0002\000\040\000F\000a\000z\000i\000t}{chapter.45}% 44
\BOOKMARK [1][-]{section.48}{\376\377\0005\000.\0003\000\040\000S\000c\000h\000l\000u\000s\000s\000b\000e\000m\000e\000r\000k\000u\000n\000g}{chapter.45}% 45
