\BOOKMARK [0][-]{dummy.1}{\376\377\000A\000b\000s\000t\000r\000a\000c\000t}{}% 1
\BOOKMARK [0][-]{dummy.3}{\376\377\000A\000b\000b\000i\000l\000d\000u\000n\000g\000s\000v\000e\000r\000z\000e\000i\000c\000h\000n\000i\000s}{}% 2
\BOOKMARK [0][-]{dummy.5}{\376\377\000Q\000u\000e\000l\000l\000c\000o\000d\000e\000v\000e\000r\000z\000e\000i\000c\000h\000n\000i\000s}{}% 3
\BOOKMARK [0][-]{dummy.7}{\376\377\000A\000b\000k\000\374\000r\000z\000u\000n\000g\000s\000v\000e\000r\000z\000e\000i\000c\000h\000n\000i\000s}{}% 4
\BOOKMARK [0][-]{chapter.8}{\376\377\0001\000\040\000E\000i\000n\000l\000e\000i\000t\000u\000n\000g}{}% 5
\BOOKMARK [1][-]{section.9}{\376\377\0001\000.\0001\000\040\000R\000e\000l\000e\000v\000a\000n\000z}{chapter.8}% 6
\BOOKMARK [1][-]{section.10}{\376\377\0001\000.\0002\000\040\000Z\000i\000e\000l\000s\000e\000t\000z\000u\000n\000g}{chapter.8}% 7
\BOOKMARK [0][-]{chapter.11}{\376\377\0002\000\040\000E\000r\000m\000i\000t\000t\000l\000u\000n\000g\000\040\000r\000e\000l\000e\000v\000a\000n\000t\000e\000r\000\040\000T\000h\000e\000m\000e\000n\000g\000e\000b\000i\000e\000t\000e}{}% 8
\BOOKMARK [1][-]{section.12}{\376\377\0002\000.\0001\000\040\000E\000i\000n\000l\000e\000i\000t\000u\000n\000g}{chapter.11}% 9
\BOOKMARK [1][-]{section.13}{\376\377\0002\000.\0002\000\040\000V\000o\000r\000g\000e\000h\000e\000n}{chapter.11}% 10
\BOOKMARK [1][-]{section.15}{\376\377\0002\000.\0003\000\040\000K\000r\000i\000t\000i\000s\000c\000h\000e\000\040\000R\000e\000f\000l\000e\000x\000i\000o\000n}{chapter.11}% 11
\BOOKMARK [1][-]{section.16}{\376\377\0002\000.\0004\000\040\000M\000o\000b\000i\000l\000e\000\040\000P\000l\000a\000t\000t\000f\000o\000r\000m\000e\000n}{chapter.11}% 12
\BOOKMARK [0][-]{chapter.17}{\376\377\0003\000\040\000T\000y\000p\000o\000g\000r\000a\000p\000h\000i\000e}{}% 13
\BOOKMARK [1][-]{section.18}{\376\377\0003\000.\0001\000\040\000S\000c\000h\000r\000i\000f\000t\000a\000r\000t\000e\000n}{chapter.17}% 14
\BOOKMARK [2][-]{subsection.19}{\376\377\0003\000.\0001\000.\0001\000\040\000S\000e\000r\000i\000f\000\040\000o\000d\000e\000r\000\040\000S\000e\000r\000i\000f\000e\000n\000l\000o\000s\000?}{section.18}% 15
\BOOKMARK [1][-]{section.20}{\376\377\0003\000.\0002\000\040\000S\000c\000h\000r\000i\000f\000t\000f\000a\000m\000i\000l\000i\000e\000n}{chapter.17}% 16
\BOOKMARK [2][-]{subsection.21}{\376\377\0003\000.\0002\000.\0001\000\040\000A\000n\000d\000r\000o\000i\000d}{section.20}% 17
\BOOKMARK [2][-]{subsection.22}{\376\377\0003\000.\0002\000.\0002\000\040\000i\000O\000S}{section.20}% 18
\BOOKMARK [2][-]{subsection.23}{\376\377\0003\000.\0002\000.\0003\000\040\000M\000i\000s\000c\000h\000e\000n\000\040\000v\000o\000n\000\040\000S\000c\000h\000r\000i\000f\000t\000f\000a\000m\000i\000l\000i\000e\000n}{section.20}% 19
\BOOKMARK [1][-]{section.24}{\376\377\0003\000.\0003\000\040\000S\000c\000h\000r\000i\000f\000t\000g\000r\000\366\000\337\000e\000n}{chapter.17}% 20
\BOOKMARK [2][-]{subsection.25}{\376\377\0003\000.\0003\000.\0001\000\040\000\334\000b\000e\000r\000s\000c\000h\000r\000i\000f\000t\000e\000n}{section.24}% 21
\BOOKMARK [3][-]{subsubsection.26}{\376\377\0003\000.\0003\000.\0001\000.\0001\000\040\000D\000e\000r\000\040\000g\000o\000l\000d\000e\000n\000e\000\040\000S\000c\000h\000n\000i\000t\000t}{subsection.25}% 22
\BOOKMARK [3][-]{subsubsection.27}{\376\377\0003\000.\0003\000.\0001\000.\0002\000\040\000T\000y\000p\000o\000g\000r\000a\000p\000h\000i\000c\000\040\000S\000c\000a\000l\000e}{subsection.25}% 23
\BOOKMARK [1][-]{section.40}{\376\377\0003\000.\0004\000\040\000A\000b\000s\000t\000\344\000n\000d\000e\000\040\000i\000m\000\040\000T\000e\000x\000t}{chapter.17}% 24
\BOOKMARK [2][-]{subsection.41}{\376\377\0003\000.\0004\000.\0001\000\040\000Z\000e\000i\000l\000e\000n\000h\000\366\000h\000e\000\040\000u\000n\000d\000\040\000-\000l\000\344\000n\000g\000e}{section.40}% 25
\BOOKMARK [2][-]{subsection.42}{\376\377\0003\000.\0004\000.\0002\000\040\000A\000b\000s\000\344\000t\000z\000e\000\040\000u\000n\000d\000\040\000\334\000b\000e\000r\000s\000c\000h\000r\000i\000f\000t\000e\000n}{section.40}% 26
\BOOKMARK [1][-]{section.51}{\376\377\0003\000.\0005\000\040\000K\000o\000n\000t\000r\000a\000s\000t}{chapter.17}% 27
\BOOKMARK [2][-]{subsection.52}{\376\377\0003\000.\0005\000.\0001\000\040\000B\000e\000r\000e\000c\000h\000n\000u\000n\000g}{section.51}% 28
\BOOKMARK [0][-]{chapter.53}{\376\377\0004\000\040\000L\000a\000y\000o\000u\000t\000\040\000u\000n\000d\000\040\000S\000t\000r\000u\000k\000t\000u\000r}{}% 29
\BOOKMARK [1][-]{section.54}{\376\377\0004\000.\0001\000\040\000H\000e\000r\000l\000e\000i\000t\000u\000n\000g}{chapter.53}% 30
\BOOKMARK [1][-]{section.55}{\376\377\0004\000.\0002\000\040\000G\000r\000i\000d\000\040\000S\000y\000s\000t\000e\000m\000s\000\040\000i\000m\000\040\000W\000e\000b}{chapter.53}% 31
\BOOKMARK [2][-]{subsection.56}{\376\377\0004\000.\0002\000.\0001\000\040\000A\000b\000b\000i\000l\000d\000u\000n\000g\000\040\000i\000m\000\040\000T\000o\000o\000l}{section.55}% 32
\BOOKMARK [1][-]{section.57}{\376\377\0004\000.\0003\000\040\000G\000r\000i\000d\000\040\000S\000y\000s\000t\000e\000m\000s\000\040\000a\000u\000f\000\040\000n\000a\000t\000i\000v\000e\000n\000\040\000P\000l\000a\000t\000t\000f\000o\000r\000m\000e\000n}{chapter.53}% 33
\BOOKMARK [2][-]{subsection.58}{\376\377\0004\000.\0003\000.\0001\000\040\000i\000O\000S}{section.57}% 34
\BOOKMARK [2][-]{subsection.59}{\376\377\0004\000.\0003\000.\0002\000\040\000A\000n\000d\000r\000o\000i\000d}{section.57}% 35
\BOOKMARK [1][-]{section.60}{\376\377\0004\000.\0004\000\040\000G\000r\000i\000d\000\040\000S\000y\000s\000t\000e\000m\000s\000\040\000i\000m\000\040\000P\000r\000i\000n\000t}{chapter.53}% 36
\BOOKMARK [2][-]{subsection.61}{\376\377\0004\000.\0004\000.\0001\000\040\000B\000e\000r\000e\000c\000h\000n\000u\000n\000g}{section.60}% 37
\BOOKMARK [2][-]{subsection.62}{\376\377\0004\000.\0004\000.\0002\000\040\000A\000b\000b\000i\000l\000d\000u\000n\000g\000\040\000i\000m\000\040\000T\000o\000o\000l}{section.60}% 38
\BOOKMARK [0][-]{chapter.63}{\376\377\0005\000\040\000W\000h\000i\000t\000e\000s\000p\000a\000c\000e}{}% 39
\BOOKMARK [1][-]{section.64}{\376\377\0005\000.\0001\000\040\000H\000e\000r\000l\000e\000i\000t\000u\000n\000g}{chapter.63}% 40
\BOOKMARK [1][-]{section.67}{\376\377\0005\000.\0002\000\040\000W\000h\000i\000t\000e\000s\000p\000a\000c\000e}{chapter.63}% 41
\BOOKMARK [1][-]{section.68}{\376\377\0005\000.\0003\000\040\000W\000a\000s\000\040\000i\000s\000t\000\040\000W\000h\000i\000t\000e\000s\000p\000a\000c\000e\000?}{chapter.63}% 42
\BOOKMARK [0][-]{chapter.69}{\376\377\0006\000\040\000F\000a\000r\000b\000e\000n}{}% 43
\BOOKMARK [1][-]{section.70}{\376\377\0006\000.\0001\000\040\000F\000a\000r\000b\000w\000i\000r\000k\000u\000n\000g}{chapter.69}% 44
\BOOKMARK [1][-]{section.71}{\376\377\0006\000.\0002\000\040\000B\000e\000l\000i\000e\000b\000t\000h\000e\000i\000t\000\040\000v\000o\000n\000\040\000F\000a\000r\000b\000e\000n}{chapter.69}% 45
\BOOKMARK [1][-]{section.72}{\376\377\0006\000.\0003\000\040\000P\000s\000y\000c\000h\000o\000l\000o\000g\000i\000s\000c\000h\000e\000\040\000W\000i\000r\000k\000u\000n\000g\000\040\000v\000o\000n\000\040\000F\000a\000r\000b\000e\000n}{chapter.69}% 46
\BOOKMARK [1][-]{section.73}{\376\377\0006\000.\0004\000\040\000K\000o\000n\000t\000r\000a\000s\000t\000e}{chapter.69}% 47
\BOOKMARK [2][-]{subsection.81}{\376\377\0006\000.\0004\000.\0001\000\040\000B\000e\000s\000t\000e\000h\000e\000n\000d\000e\000\040\000L\000\366\000s\000u\000n\000g\000e\000n\000\040\000z\000u\000r\000\040\000F\000a\000r\000b\000f\000i\000n\000d\000u\000n\000g}{section.73}% 48
\BOOKMARK [1][-]{section.82}{\376\377\0006\000.\0005\000\040\000E\000i\000n\000s\000a\000t\000z\000\040\000v\000o\000n\000\040\000F\000a\000r\000b\000e\000n}{chapter.69}% 49
\BOOKMARK [1][-]{section.83}{\376\377\0006\000.\0006\000\040\000F\000a\000r\000b\000f\000i\000n\000d\000u\000n\000g}{chapter.69}% 50
\BOOKMARK [2][-]{subsection.84}{\376\377\0006\000.\0006\000.\0001\000\040\000F\000i\000n\000d\000e\000n\000\040\000e\000i\000n\000e\000r\000\040\000G\000r\000u\000n\000d\000f\000a\000r\000b\000e}{section.83}% 51
\BOOKMARK [2][-]{subsection.85}{\376\377\0006\000.\0006\000.\0002\000\040\000F\000i\000n\000d\000e\000n\000\040\000e\000i\000n\000e\000r\000\040\000A\000k\000z\000e\000n\000t\000f\000a\000r\000b\000e}{section.83}% 52
\BOOKMARK [2][-]{subsection.86}{\376\377\0006\000.\0006\000.\0003\000\040\000K\000o\000m\000p\000l\000e\000t\000t\000i\000e\000r\000e\000n\000\040\000d\000e\000r\000\040\000F\000a\000r\000b\000p\000a\000l\000e\000t\000t\000e}{section.83}% 53
\BOOKMARK [2][-]{subsection.87}{\376\377\0006\000.\0006\000.\0004\000\040\000S\000i\000g\000n\000a\000l\000f\000a\000r\000b\000e\000n}{section.83}% 54
\BOOKMARK [1][-]{section.88}{\376\377\0006\000.\0007\000\040\000A\000n\000d\000r\000o\000i\000d\000\040\000\046\000\040\000i\000O\000S}{chapter.69}% 55
\BOOKMARK [2][-]{subsection.89}{\376\377\0006\000.\0007\000.\0001\000\040\000A\000n\000d\000r\000o\000i\000d}{section.88}% 56
\BOOKMARK [2][-]{subsection.90}{\376\377\0006\000.\0007\000.\0002\000\040\000i\000O\000S}{section.88}% 57
\BOOKMARK [0][-]{chapter.91}{\376\377\0007\000\040\000B\000i\000l\000d\000e\000r}{}% 58
\BOOKMARK [1][-]{section.92}{\376\377\0007\000.\0001\000\040\000S\000t\000r\000e\000c\000k\000e\000n\000\040\000\046\000\040\000S\000t\000a\000u\000c\000h\000e\000n}{chapter.91}% 59
\BOOKMARK [2][-]{subsection.95}{\376\377\0007\000.\0001\000.\0001\000\040\000K\000o\000n\000k\000r\000e\000t\000e\000\040\000A\000n\000w\000e\000n\000d\000u\000n\000g}{section.92}% 60
\BOOKMARK [2][-]{subsection.103}{\376\377\0007\000.\0001\000.\0002\000\040\000E\000i\000n\000e\000\040\000g\000e\000g\000e\000b\000e\000n\000e\000\040\000F\000l\000\344\000c\000h\000e\000\040\000a\000u\000s\000f\000\374\000l\000l\000e\000n}{section.92}% 61
\BOOKMARK [1][-]{section.113}{\376\377\0007\000.\0002\000\040\000V\000e\000r\000p\000i\000x\000e\000l\000t\000e\000\040\000B\000i\000l\000d\000e\000r}{chapter.91}% 62
\BOOKMARK [2][-]{subsection.114}{\376\377\0007\000.\0002\000.\0001\000\040\000B\000i\000t\000m\000a\000p\000s}{section.113}% 63
\BOOKMARK [1][-]{section.115}{\376\377\0007\000.\0003\000\040\000P\000P\000I\000\040\000\046\000\040\000D\000P\000I}{chapter.91}% 64
\BOOKMARK [0][-]{chapter.116}{\376\377\0008\000\040\000T\000y\000p\000o\000g\000r\000a\000p\000h\000i\000e}{}% 65
\BOOKMARK [1][-]{subsection.117}{\376\377\0008\000.\0000\000.\0001\000\040\000B\000u\000t\000t\000o\000n\000s}{chapter.116}% 66
\BOOKMARK [2][-]{subsubsection.118}{\376\377\0008\000.\0000\000.\0001\000.\0001\000\040\000W\000e\000b}{subsection.117}% 67
\BOOKMARK [3][-]{subsubsection.119}{\376\377\0008\000.\0000\000.\0001\000.\0002\000\040\000A\000n\000d\000r\000o\000i\000d}{subsubsection.118}% 68
\BOOKMARK [3][-]{subsubsection.120}{\376\377\0008\000.\0000\000.\0001\000.\0003\000\040\000i\000O\000S}{subsubsection.118}% 69
\BOOKMARK [2][-]{subsection.121}{\376\377\0008\000.\0000\000.\0002\000\040\000I\000n\000p\000u\000t\000\040\000F\000i\000e\000l\000d\000s}{subsection.117}% 70
\BOOKMARK [3][-]{subsubsection.122}{\376\377\0008\000.\0000\000.\0002\000.\0001\000\040\000W\000e\000b}{subsection.121}% 71
\BOOKMARK [3][-]{subsubsection.128}{\376\377\0008\000.\0000\000.\0002\000.\0002\000\040\000A\000n\000d\000r\000o\000i\000d\000\040\000\046\000\040\000i\000O\000S}{subsection.121}% 72
\BOOKMARK [2][-]{subsection.129}{\376\377\0008\000.\0000\000.\0003\000\040\000S\000e\000l\000e\000c\000t\000\040\000\046\000\040\000R\000a\000d\000i\000o\000\040\000B\000u\000t\000t\000o\000n\000s}{subsection.117}% 73
\BOOKMARK [2][-]{subsection.130}{\376\377\0008\000.\0000\000.\0004\000\040\000L\000i\000n\000k\000s}{subsection.117}% 74
